<?xml version="1.0" encoding="UTF-8"?>
<!-- Generated by org.testng.reporters.JUnitXMLReporter -->
<testsuite hostname="Chetuiwk230" ignored="0" name="Test" tests="1" failures="0" timestamp="2020-07-05T06:17:41 IST" time="5.699" errors="0">
  <testcase name="@BeforeTest initialize" time="5.582" classname="TestCases.LoginTest">
    <failure type="org.openqa.selenium.SessionNotCreatedException" message="session not created: This version of ChromeDriver only supports Chrome version 78
Build info: version: &amp;apos;3.141.59&amp;apos;, revision: &amp;apos;e82be7d358&amp;apos;, time: &amp;apos;2018-11-14T08:17:03&amp;apos;
System info: host: &amp;apos;CHETUIWK230&amp;apos;, ip: &amp;apos;172.16.4.101&amp;apos;, os.name: &amp;apos;Windows 10&amp;apos;, os.arch: &amp;apos;amd64&amp;apos;, os.version: &amp;apos;10.0&amp;apos;, java.version: &amp;apos;1.8.0_131&amp;apos;
Driver info: driver.version: ChromeDriver
remote stacktrace: Backtrace:
	Ordinal0 [0x0142A903+1550595]
	Ordinal0 [0x013AA701+1025793]
	Ordinal0 [0x0132C6E5+509669]
	Ordinal0 [0x012BFC68+64616]
	Ordinal0 [0x012BC594+50580]
	Ordinal0 [0x012DACE7+175335]
	Ordinal0 [0x012DA8ED+174317]
	Ordinal0 [0x012D8CDB+167131]
	Ordinal0 [0x012C144A+70730]
	Ordinal0 [0x012C24D0+74960]
	Ordinal0 [0x012C2469+74857]
	Ordinal0 [0x013C42C7+1131207]
	GetHandleVerifier [0x014C70FD+523789]
	GetHandleVerifier [0x014C6E90+523168]
	GetHandleVerifier [0x014CE1E7+552695]
	GetHandleVerifier [0x014C78FA+525834]
	Ordinal0 [0x013BB7FC+1095676]
	Ordinal0 [0x013C633B+1139515]
	Ordinal0 [0x013C64A3+1139875]
	Ordinal0 [0x013C5425+1135653]
	BaseThreadInitThunk [0x75908654+36]
	RtlGetAppContainerNamedObjectPath [0x76FB4A47+311]
	RtlGetAppContainerNamedObjectPath [0x76FB4A17+263]
">
      <![CDATA[org.openqa.selenium.SessionNotCreatedException: session not created: This version of ChromeDriver only supports Chrome version 78
Build info: version: '3.141.59', revision: 'e82be7d358', time: '2018-11-14T08:17:03'
System info: host: 'CHETUIWK230', ip: '172.16.4.101', os.name: 'Windows 10', os.arch: 'amd64', os.version: '10.0', java.version: '1.8.0_131'
Driver info: driver.version: ChromeDriver
remote stacktrace: Backtrace:
Ordinal0 [0x0142A903+1550595]
Ordinal0 [0x013AA701+1025793]
Ordinal0 [0x0132C6E5+509669]
Ordinal0 [0x012BFC68+64616]
Ordinal0 [0x012BC594+50580]
Ordinal0 [0x012DACE7+175335]
Ordinal0 [0x012DA8ED+174317]
Ordinal0 [0x012D8CDB+167131]
Ordinal0 [0x012C144A+70730]
Ordinal0 [0x012C24D0+74960]
Ordinal0 [0x012C2469+74857]
Ordinal0 [0x013C42C7+1131207]
GetHandleVerifier [0x014C70FD+523789]
GetHandleVerifier [0x014C6E90+523168]
GetHandleVerifier [0x014CE1E7+552695]
GetHandleVerifier [0x014C78FA+525834]
Ordinal0 [0x013BB7FC+1095676]
Ordinal0 [0x013C633B+1139515]
Ordinal0 [0x013C64A3+1139875]
Ordinal0 [0x013C5425+1135653]
BaseThreadInitThunk [0x75908654+36]
RtlGetAppContainerNamedObjectPath [0x76FB4A47+311]
RtlGetAppContainerNamedObjectPath [0x76FB4A17+263]

at org.openqa.selenium.remote.W3CHandshakeResponse.lambda$errorHandler$0(W3CHandshakeResponse.java:62)
at org.openqa.selenium.remote.HandshakeResponse.lambda$getResponseFunction$0(HandshakeResponse.java:30)
at org.openqa.selenium.remote.ProtocolHandshake.lambda$createSession$0(ProtocolHandshake.java:126)
at java.util.stream.ReferencePipeline$3$1.accept(ReferencePipeline.java:193)
at java.util.Spliterators$ArraySpliterator.tryAdvance(Spliterators.java:958)
at java.util.stream.ReferencePipeline.forEachWithCancel(ReferencePipeline.java:126)
at java.util.stream.AbstractPipeline.copyIntoWithCancel(AbstractPipeline.java:498)
at java.util.stream.AbstractPipeline.copyInto(AbstractPipeline.java:485)
at java.util.stream.AbstractPipeline.wrapAndCopyInto(AbstractPipeline.java:471)
at java.util.stream.FindOps$FindOp.evaluateSequential(FindOps.java:152)
at java.util.stream.AbstractPipeline.evaluate(AbstractPipeline.java:234)
at java.util.stream.ReferencePipeline.findFirst(ReferencePipeline.java:464)
at org.openqa.selenium.remote.ProtocolHandshake.createSession(ProtocolHandshake.java:128)
at org.openqa.selenium.remote.ProtocolHandshake.createSession(ProtocolHandshake.java:74)
at org.openqa.selenium.remote.HttpCommandExecutor.execute(HttpCommandExecutor.java:136)
at org.openqa.selenium.remote.service.DriverCommandExecutor.execute(DriverCommandExecutor.java:83)
at org.openqa.selenium.remote.RemoteWebDriver.execute(RemoteWebDriver.java:552)
at org.openqa.selenium.remote.RemoteWebDriver.startSession(RemoteWebDriver.java:213)
at org.openqa.selenium.remote.RemoteWebDriver.<init>(RemoteWebDriver.java:131)
at org.openqa.selenium.chrome.ChromeDriver.<init>(ChromeDriver.java:181)
at org.openqa.selenium.chrome.ChromeDriver.<init>(ChromeDriver.java:168)
at org.openqa.selenium.chrome.ChromeDriver.<init>(ChromeDriver.java:123)
at TestCases.LoginTest.initialize(LoginTest.java:15)
... Removed 28 stack frames]]>
    </failure>
  </testcase> <!-- @BeforeTest initialize -->
  <testcase name="login" time="0.0" classname="TestCases.LoginTest">
    <skipped/>
  </testcase> <!-- login -->
</testsuite> <!-- Test -->
